{"logTime": "0726/013744", "correlationVector":"ZD4MEAKFwz1cevFBxLq3RA.1","action":"SyncServerConnectionManagerRequest", "result":"SYNC_SERVER_OK", "context":{"environment":"Prod_EastUS2_000e", "migrationStage":"MigrationComplete", "server":"general0100002L"}}
{"logTime": "0726/013744", "correlationVector":"7qJA/MKFQb7Ov17+h6Jn+I","action":"SyncServerConnectionManagerRequest", "result":"SYNC_SERVER_OK", "context":{"environment":"", "migrationStage":"", "server":""}}
{"logTime": "0726/013744", "correlationVector":"ZD4MEAKFwz1cevFBxLq3RA","action":"Initial GetUpdates", "result":"", "context":Reason: NEW_CLIENT. cV=ZD4MEAKFwz1cevFBxLq3RA}
{"logTime": "0726/013744", "correlationVector":"ZD4MEAKFwz1cevFBxLq3RA.2","action":"GetUpdates Response", "result":"Success", "context":Received 1 update(s). cV=ZD4MEAKFwz1cevFBxLq3RA.0;server=general0100002L;cloudType=Consumer;environment=Prod_EastUS2_000e;migrationStage=MigrationComplete}
{"logTime": "0726/013745", "correlationVector":"kHf9Sbw88cQnLBT6dno0iy","action":"Initial GetUpdates", "result":"", "context":Reason: NEW_CLIENT. cV=kHf9Sbw88cQnLBT6dno0iy}
{"logTime": "0726/013745", "correlationVector":"kHf9Sbw88cQnLBT6dno0iy.1","action":"SyncServerConnectionManagerRequest", "result":"SYNC_SERVER_OK", "context":{"environment":"Prod_EastUS2_000e", "migrationStage":"NotStarted", "server":"general0100001J"}}
{"logTime": "0726/013745", "correlationVector":"kHf9Sbw88cQnLBT6dno0iy.2","action":"GetUpdates Response", "result":"Success", "context":Received 7 update(s). cV=kHf9Sbw88cQnLBT6dno0iy.0;server=general0100001J;cloudType=Consumer;environment=Prod_EastUS2_000e;migrationStage=NotStarted}
{"logTime": "0726/013745", "correlationVector":"RcTQeQBkhUOl9W83CXtkL3","action":"Normal GetUpdate request", "result":"", "context":cV=RcTQeQBkhUOl9W83CXtkL3
Nudged types: Device Info, User Consents
Refresh requested types: Device Info, User Consents, Send Tab To Self, Encryption Keys}
{"logTime": "0726/013745", "correlationVector":"RcTQeQBkhUOl9W83CXtkL3.1","action":"SyncServerConnectionManagerRequest", "result":"SYNC_SERVER_OK", "context":{"environment":"Prod_EastUS2_000e", "migrationStage":"NotStarted", "server":"general0100002C"}}
{"logTime": "0726/013745", "correlationVector":"RcTQeQBkhUOl9W83CXtkL3.2","action":"GetUpdates Response", "result":"Success", "context":Received 0 update(s). cV=RcTQeQBkhUOl9W83CXtkL3.0;server=general0100002C;cloudType=Consumer;environment=Prod_EastUS2_000e;migrationStage=NotStarted}
{"logTime": "0726/013745", "correlationVector":"W5902zRTbkzxxDSJAcjCfo","action":"Commit Request", "result":"", "context":Item count: 2
Contributing types: Device Info, User Consents}
{"logTime": "0726/013745", "correlationVector":"W5902zRTbkzxxDSJAcjCfo.1","action":"SyncServerConnectionManagerRequest", "result":"SYNC_SERVER_OK", "context":{"environment":"Prod_EastUS2_000e", "migrationStage":"MigrationComplete", "server":"general0100001V"}}
{"logTime": "0726/013745", "correlationVector":"W5902zRTbkzxxDSJAcjCfo.2","action":"Commit Response", "result":"Success", "context":Result: Success. cV=W5902zRTbkzxxDSJAcjCfo.0;server=general0100001V;cloudType=Consumer;environment=Prod_EastUS2_000e;migrationStage=MigrationComplete}
{"logTime": "0726/013746", "correlationVector":"7JjW5nXaqXPeuutPNamm+T","action":"Normal GetUpdate request", "result":"", "context":cV=7JjW5nXaqXPeuutPNamm+T
Nudged types: Device Info}
{"logTime": "0726/013746", "correlationVector":"7JjW5nXaqXPeuutPNamm+T.1","action":"SyncServerConnectionManagerRequest", "result":"SYNC_SERVER_OK", "context":{"environment":"Prod_EastUS2_000e", "migrationStage":"NotStarted", "server":"general0100002E"}}
{"logTime": "0726/013746", "correlationVector":"7JjW5nXaqXPeuutPNamm+T.2","action":"GetUpdates Response", "result":"Success", "context":Received 1 update(s). cV=7JjW5nXaqXPeuutPNamm+T.0;server=general0100002E;cloudType=Consumer;environment=Prod_EastUS2_000e;migrationStage=NotStarted}
{"logTime": "0726/014241", "correlationVector":"JldTDLLaEm4izA27h1KLek","action":"Normal GetUpdate request", "result":"", "context":cV=JldTDLLaEm4izA27h1KLek
Refresh requested types: Device Info, User Consents, Send Tab To Self, Encryption Keys}
{"logTime": "0726/014241", "correlationVector":"JldTDLLaEm4izA27h1KLek.1","action":"SyncServerConnectionManagerRequest", "result":"SYNC_SERVER_OK", "context":{"environment":"Prod_EastUS2_000e", "migrationStage":"NotStarted", "server":"general0100001G"}}
{"logTime": "0726/014241", "correlationVector":"JldTDLLaEm4izA27h1KLek.2","action":"GetUpdates Response", "result":"Success", "context":Received 0 update(s). cV=JldTDLLaEm4izA27h1KLek.0;server=general0100001G;cloudType=Consumer;environment=Prod_EastUS2_000e;migrationStage=NotStarted}
{"logTime": "0726/014241", "correlationVector":"jQzcPRZ1TYXWe91Yg+mvTc","action":"DoCompareDataConsistency requsted types: ", "result":"Send Tab To Self, Encryption Keys"}
{"logTime": "0726/014241", "correlationVector":"jQzcPRZ1TYXWe91Yg+mvTc.0","action":"CompareDataConsistency result: ", "result":"Compare result: Encryption Keys is consistent. local entities count is: 1 local entities hash is: nkRSknUX0Jb8kPJgKZ2fLfyS1gk="}
{"logTime": "0726/014241", "correlationVector":"jQzcPRZ1TYXWe91Yg+mvTc.1","action":"CompareDataConsistency result: ", "result":"Server did not send this Send Tab To Self local entities count is: 0 local entities hash is: "}
{"logTime": "0726/014242", "correlationVector":"","action":"DIAGNOSTIC_REQUEST|v1/diagnosticData/Diagnostic.SendCheckResult()|SUCCESS", "result":""}
{"logTime": "0726/014242", "correlationVector":"","action":"SyncDiagnosticRequest::ProcessDiagnosticResponse", "result":"DIAGNOSTIC_REQUEST|v1/diagnosticData/Diagnostic.SendCheckResult()|SUCCESS"}
{"logTime": "0726/080502", "correlationVector":"roTCxtF5mIdXFBdHiphly4.1","action":"SyncServerConnectionManagerRequest", "result":"SYNC_SERVER_OK", "context":{"environment":"Prod_EastUS2_000e", "migrationStage":"MigrationComplete", "server":"general01000023"}}
{"logTime": "0726/080503", "correlationVector":"VbUmZI89sFFD5C1TSA7978","action":"SyncServerConnectionManagerRequest", "result":"SYNC_SERVER_OK", "context":{"environment":"", "migrationStage":"", "server":""}}
{"logTime": "0726/080503", "correlationVector":"roTCxtF5mIdXFBdHiphly4","action":"Initial GetUpdates", "result":"", "context":Reason: NEW_CLIENT. cV=roTCxtF5mIdXFBdHiphly4}
{"logTime": "0726/080503", "correlationVector":"roTCxtF5mIdXFBdHiphly4.2","action":"GetUpdates Response", "result":"Success", "context":Received 1 update(s). cV=roTCxtF5mIdXFBdHiphly4.0;server=general01000023;cloudType=Consumer;environment=Prod_EastUS2_000e;migrationStage=MigrationComplete}
{"logTime": "0726/080503", "correlationVector":"yNdVo9lmtuFC2FLGIlkuM2","action":"Normal GetUpdate request", "result":"", "context":cV=yNdVo9lmtuFC2FLGIlkuM2
Refresh requested types: Device Info, User Consents, Send Tab To Self, Encryption Keys}
{"logTime": "0726/080503", "correlationVector":"yNdVo9lmtuFC2FLGIlkuM2.1","action":"SyncServerConnectionManagerRequest", "result":"SYNC_SERVER_OK", "context":{"environment":"Prod_EastUS2_000e", "migrationStage":"NotStarted", "server":"general0100000F"}}
{"logTime": "0726/080503", "correlationVector":"yNdVo9lmtuFC2FLGIlkuM2.2","action":"GetUpdates Response", "result":"Success", "context":Received 0 update(s). cV=yNdVo9lmtuFC2FLGIlkuM2.0;server=general0100000F;cloudType=Consumer;environment=Prod_EastUS2_000e;migrationStage=NotStarted}
{"logTime": "0726/081002", "correlationVector":"P6DRhHgeAH1c3H+SegQI+5","action":"Normal GetUpdate request", "result":"", "context":cV=P6DRhHgeAH1c3H+SegQI+5
Refresh requested types: Device Info, User Consents, Send Tab To Self, Encryption Keys}
{"logTime": "0726/081002", "correlationVector":"P6DRhHgeAH1c3H+SegQI+5.1","action":"SyncServerConnectionManagerRequest", "result":"SYNC_SERVER_OK", "context":{"environment":"Prod_EastUS2_000e", "migrationStage":"NotStarted", "server":"general0100001G"}}
{"logTime": "0726/081002", "correlationVector":"P6DRhHgeAH1c3H+SegQI+5.2","action":"GetUpdates Response", "result":"Success", "context":Received 0 update(s). cV=P6DRhHgeAH1c3H+SegQI+5.0;server=general0100001G;cloudType=Consumer;environment=Prod_EastUS2_000e;migrationStage=NotStarted}
{"logTime": "0726/230524", "correlationVector":"Yg3nv54hYZp9p3ki8k/h5v.1","action":"SyncServerConnectionManagerRequest", "result":"SYNC_SERVER_OK", "context":{"environment":"Prod_EastUS2_000e", "migrationStage":"MigrationComplete", "server":"general0100002L"}}
{"logTime": "0726/230525", "correlationVector":"yx08bU2orsKpyeJQsweguj","action":"SyncServerConnectionManagerRequest", "result":"SYNC_SERVER_OK", "context":{"environment":"", "migrationStage":"", "server":""}}
{"logTime": "0726/230525", "correlationVector":"Yg3nv54hYZp9p3ki8k/h5v","action":"Initial GetUpdates", "result":"", "context":Reason: NEW_CLIENT. cV=Yg3nv54hYZp9p3ki8k/h5v}
{"logTime": "0726/230525", "correlationVector":"Yg3nv54hYZp9p3ki8k/h5v.2","action":"GetUpdates Response", "result":"Success", "context":Received 1 update(s). cV=Yg3nv54hYZp9p3ki8k/h5v.0;server=general0100002L;cloudType=Consumer;environment=Prod_EastUS2_000e;migrationStage=MigrationComplete}
{"logTime": "0726/230525", "correlationVector":"mInVuc8ydk8UASBshqAEDg","action":"Normal GetUpdate request", "result":"", "context":cV=mInVuc8ydk8UASBshqAEDg
Refresh requested types: Device Info, User Consents, Send Tab To Self, Encryption Keys}
{"logTime": "0726/230525", "correlationVector":"mInVuc8ydk8UASBshqAEDg.1","action":"SyncServerConnectionManagerRequest", "result":"SYNC_SERVER_OK", "context":{"environment":"Prod_EastUS2_000e", "migrationStage":"NotStarted", "server":"general0100002P"}}
{"logTime": "0726/230525", "correlationVector":"mInVuc8ydk8UASBshqAEDg.2","action":"GetUpdates Response", "result":"Success", "context":Received 0 update(s). cV=mInVuc8ydk8UASBshqAEDg.0;server=general0100002P;cloudType=Consumer;environment=Prod_EastUS2_000e;migrationStage=NotStarted}
{"logTime": "0726/230525", "correlationVector":"JeVTH6fhrRX4BdSUMRgv02","action":"Poll GetUpdate request", "result":"", "context":cV=JeVTH6fhrRX4BdSUMRgv02}
{"logTime": "0726/230525", "correlationVector":"JeVTH6fhrRX4BdSUMRgv02.1","action":"SyncServerConnectionManagerRequest", "result":"SYNC_SERVER_OK", "context":{"environment":"Prod_EastUS2_000e", "migrationStage":"NotStarted", "server":"general01000008"}}
{"logTime": "0726/230525", "correlationVector":"JeVTH6fhrRX4BdSUMRgv02.2","action":"GetUpdates Response", "result":"Success", "context":Received 0 update(s). cV=JeVTH6fhrRX4BdSUMRgv02.0;server=general01000008;cloudType=Consumer;environment=Prod_EastUS2_000e;migrationStage=NotStarted}
{"logTime": "0726/231024", "correlationVector":"sDeRd1LQl2DtJovtG8rgbx","action":"Normal GetUpdate request", "result":"", "context":cV=sDeRd1LQl2DtJovtG8rgbx
Refresh requested types: Device Info, User Consents, Send Tab To Self, Encryption Keys}
{"logTime": "0726/231024", "correlationVector":"sDeRd1LQl2DtJovtG8rgbx.1","action":"SyncServerConnectionManagerRequest", "result":"SYNC_SERVER_OK", "context":{"environment":"Prod_EastUS2_000e", "migrationStage":"NotStarted", "server":"general01000022"}}
{"logTime": "0726/231024", "correlationVector":"sDeRd1LQl2DtJovtG8rgbx.2","action":"GetUpdates Response", "result":"Success", "context":Received 0 update(s). cV=sDeRd1LQl2DtJovtG8rgbx.0;server=general01000022;cloudType=Consumer;environment=Prod_EastUS2_000e;migrationStage=NotStarted}
{"logTime": "0730/225326", "correlationVector":"r13Ik2oDeWcCk1GqNqfZ0D.1","action":"SyncServerConnectionManagerRequest", "result":"SYNC_SERVER_OK", "context":{"environment":"Prod_EastUS2_000e", "migrationStage":"MigrationComplete", "server":"general01000019"}}
{"logTime": "0730/225327", "correlationVector":"0iR4kO/6ziaDIRkBFOesNV","action":"SyncServerConnectionManagerRequest", "result":"SYNC_SERVER_OK", "context":{"environment":"", "migrationStage":"", "server":""}}
{"logTime": "0730/225327", "correlationVector":"r13Ik2oDeWcCk1GqNqfZ0D","action":"Initial GetUpdates", "result":"", "context":Reason: NEW_CLIENT. cV=r13Ik2oDeWcCk1GqNqfZ0D}
{"logTime": "0730/225327", "correlationVector":"r13Ik2oDeWcCk1GqNqfZ0D.2","action":"GetUpdates Response", "result":"Success", "context":Received 1 update(s). cV=r13Ik2oDeWcCk1GqNqfZ0D.0;server=general01000019;cloudType=Consumer;environment=Prod_EastUS2_000e;migrationStage=MigrationComplete}
{"logTime": "0730/225327", "correlationVector":"ig6a4CrrHkIGfz6efA3jXk","action":"Normal GetUpdate request", "result":"", "context":cV=ig6a4CrrHkIGfz6efA3jXk
Nudged types: Device Info
Refresh requested types: Device Info, User Consents, Send Tab To Self, Encryption Keys}
{"logTime": "0730/225327", "correlationVector":"ig6a4CrrHkIGfz6efA3jXk.1","action":"SyncServerConnectionManagerRequest", "result":"SYNC_SERVER_OK", "context":{"environment":"Prod_EastUS2_000e", "migrationStage":"NotStarted", "server":"general0100002M"}}
{"logTime": "0730/225327", "correlationVector":"ig6a4CrrHkIGfz6efA3jXk.2","action":"GetUpdates Response", "result":"Success", "context":Received 0 update(s). cV=ig6a4CrrHkIGfz6efA3jXk.0;server=general0100002M;cloudType=Consumer;environment=Prod_EastUS2_000e;migrationStage=NotStarted}
{"logTime": "0730/225327", "correlationVector":"mx2T4xaFoAFCbupXfj2iXk","action":"Commit Request", "result":"", "context":Item count: 1
Contributing types: Device Info}
{"logTime": "0730/225327", "correlationVector":"mx2T4xaFoAFCbupXfj2iXk.1","action":"SyncServerConnectionManagerRequest", "result":"SYNC_SERVER_OK", "context":{"environment":"Prod_EastUS2_000e", "migrationStage":"MigrationComplete", "server":"general0100000L"}}
{"logTime": "0730/225327", "correlationVector":"mx2T4xaFoAFCbupXfj2iXk.2","action":"Commit Response", "result":"Success", "context":Result: Success. cV=mx2T4xaFoAFCbupXfj2iXk.0;server=general0100000L;cloudType=Consumer;environment=Prod_EastUS2_000e;migrationStage=MigrationComplete}
{"logTime": "0730/225327", "correlationVector":"cZNGbF1rHS1+ckjp5M1hej","action":"Normal GetUpdate request", "result":"", "context":cV=cZNGbF1rHS1+ckjp5M1hej
Nudged types: Device Info}
{"logTime": "0730/225327", "correlationVector":"cZNGbF1rHS1+ckjp5M1hej.1","action":"SyncServerConnectionManagerRequest", "result":"SYNC_SERVER_OK", "context":{"environment":"Prod_EastUS2_000e", "migrationStage":"NotStarted", "server":"general01000013"}}
{"logTime": "0730/225327", "correlationVector":"cZNGbF1rHS1+ckjp5M1hej.2","action":"GetUpdates Response", "result":"Success", "context":Received 1 update(s). cV=cZNGbF1rHS1+ckjp5M1hej.0;server=general01000013;cloudType=Consumer;environment=Prod_EastUS2_000e;migrationStage=NotStarted}
{"logTime": "0730/225327", "correlationVector":"Wx0uGXRcMy7u6ACtQsWpb/","action":"Poll GetUpdate request", "result":"", "context":cV=Wx0uGXRcMy7u6ACtQsWpb/}
{"logTime": "0730/225328", "correlationVector":"Wx0uGXRcMy7u6ACtQsWpb/.1","action":"SyncServerConnectionManagerRequest", "result":"SYNC_SERVER_OK", "context":{"environment":"Prod_EastUS2_000e", "migrationStage":"NotStarted", "server":"general0100001G"}}
{"logTime": "0730/225328", "correlationVector":"Wx0uGXRcMy7u6ACtQsWpb/.2","action":"GetUpdates Response", "result":"Success", "context":Received 0 update(s). cV=Wx0uGXRcMy7u6ACtQsWpb/.0;server=general0100001G;cloudType=Consumer;environment=Prod_EastUS2_000e;migrationStage=NotStarted}
{"logTime": "0730/225826", "correlationVector":"6d0Gk9Sp213wwaqyBMV2K+","action":"Normal GetUpdate request", "result":"", "context":cV=6d0Gk9Sp213wwaqyBMV2K+
Refresh requested types: Device Info, User Consents, Send Tab To Self, Encryption Keys}
{"logTime": "0730/225826", "correlationVector":"6d0Gk9Sp213wwaqyBMV2K+.1","action":"SyncServerConnectionManagerRequest", "result":"SYNC_SERVER_OK", "context":{"environment":"Prod_EastUS2_000e", "migrationStage":"NotStarted", "server":"general01000025"}}
{"logTime": "0730/225826", "correlationVector":"6d0Gk9Sp213wwaqyBMV2K+.2","action":"GetUpdates Response", "result":"Success", "context":Received 0 update(s). cV=6d0Gk9Sp213wwaqyBMV2K+.0;server=general01000025;cloudType=Consumer;environment=Prod_EastUS2_000e;migrationStage=NotStarted}
{"logTime": "0731/004335", "correlationVector":"VNJfUg4zBG2g7JaXeY6cmN.1","action":"SyncServerConnectionManagerRequest", "result":"SYNC_SERVER_OK", "context":{"environment":"Prod_EastUS2_000e", "migrationStage":"MigrationComplete", "server":"general01000029"}}
{"logTime": "0731/004335", "correlationVector":"NX7yCly49RYgjVgIxdlmS2","action":"SyncServerConnectionManagerRequest", "result":"SYNC_SERVER_OK", "context":{"environment":"", "migrationStage":"", "server":""}}
{"logTime": "0731/004335", "correlationVector":"VNJfUg4zBG2g7JaXeY6cmN","action":"Initial GetUpdates", "result":"", "context":Reason: NEW_CLIENT. cV=VNJfUg4zBG2g7JaXeY6cmN}
{"logTime": "0731/004335", "correlationVector":"VNJfUg4zBG2g7JaXeY6cmN.2","action":"GetUpdates Response", "result":"Success", "context":Received 1 update(s). cV=VNJfUg4zBG2g7JaXeY6cmN.0;server=general01000029;cloudType=Consumer;environment=Prod_EastUS2_000e;migrationStage=MigrationComplete}
{"logTime": "0731/004335", "correlationVector":"jUon1hNLW3UDgIt3Y4T7Wb","action":"Normal GetUpdate request", "result":"", "context":cV=jUon1hNLW3UDgIt3Y4T7Wb
Refresh requested types: Device Info, User Consents, Send Tab To Self, Encryption Keys}
{"logTime": "0731/004336", "correlationVector":"jUon1hNLW3UDgIt3Y4T7Wb.1","action":"SyncServerConnectionManagerRequest", "result":"SYNC_SERVER_OK", "context":{"environment":"Prod_EastUS2_000e", "migrationStage":"NotStarted", "server":"general0100000V"}}
{"logTime": "0731/004336", "correlationVector":"jUon1hNLW3UDgIt3Y4T7Wb.2","action":"GetUpdates Response", "result":"Success", "context":Received 0 update(s). cV=jUon1hNLW3UDgIt3Y4T7Wb.0;server=general0100000V;cloudType=Consumer;environment=Prod_EastUS2_000e;migrationStage=NotStarted}
{"logTime": "0731/004835", "correlationVector":"7Tp2lhG3naNzKbaYWDgkJr","action":"Normal GetUpdate request", "result":"", "context":cV=7Tp2lhG3naNzKbaYWDgkJr
Refresh requested types: Device Info, User Consents, Send Tab To Self, Encryption Keys}
{"logTime": "0731/004835", "correlationVector":"7Tp2lhG3naNzKbaYWDgkJr.1","action":"SyncServerConnectionManagerRequest", "result":"SYNC_SERVER_OK", "context":{"environment":"Prod_EastUS2_000e", "migrationStage":"NotStarted", "server":"general0100000V"}}
{"logTime": "0731/004835", "correlationVector":"7Tp2lhG3naNzKbaYWDgkJr.2","action":"GetUpdates Response", "result":"Success", "context":Received 0 update(s). cV=7Tp2lhG3naNzKbaYWDgkJr.0;server=general0100000V;cloudType=Consumer;environment=Prod_EastUS2_000e;migrationStage=NotStarted}
{"logTime": "0815/064156", "correlationVector":"yWoITUGR5TijXrjUqxk06N.1","action":"SyncServerConnectionManagerRequest", "result":"SYNC_SERVER_OK", "context":{"environment":"Prod_EastUS2_000e", "migrationStage":"MigrationComplete", "server":"general0100002N"}}
{"logTime": "0815/064157", "correlationVector":"GYAciA0UrmXo/pr0kjADLq","action":"SyncServerConnectionManagerRequest", "result":"SYNC_SERVER_OK", "context":{"environment":"", "migrationStage":"", "server":""}}
{"logTime": "0815/064157", "correlationVector":"yWoITUGR5TijXrjUqxk06N","action":"Initial GetUpdates", "result":"", "context":Reason: NEW_CLIENT. cV=yWoITUGR5TijXrjUqxk06N}
{"logTime": "0815/064157", "correlationVector":"yWoITUGR5TijXrjUqxk06N.2","action":"GetUpdates Response", "result":"Success", "context":Received 1 update(s). cV=yWoITUGR5TijXrjUqxk06N.0;server=general0100002N;cloudType=Consumer;environment=Prod_EastUS2_000e;migrationStage=MigrationComplete}
{"logTime": "0815/064157", "correlationVector":"qzpmQzXWFFRrJTilavZg2M","action":"Normal GetUpdate request", "result":"", "context":cV=qzpmQzXWFFRrJTilavZg2M
Nudged types: Device Info
Refresh requested types: Device Info, User Consents, Send Tab To Self, Encryption Keys}
{"logTime": "0815/064157", "correlationVector":"qzpmQzXWFFRrJTilavZg2M.1","action":"SyncServerConnectionManagerRequest", "result":"SYNC_SERVER_OK", "context":{"environment":"Prod_EastUS2_000e", "migrationStage":"NotStarted", "server":"GENERAL01000017"}}
{"logTime": "0815/064157", "correlationVector":"qzpmQzXWFFRrJTilavZg2M.2","action":"GetUpdates Response", "result":"Success", "context":Received 1 update(s). cV=qzpmQzXWFFRrJTilavZg2M.0;server=GENERAL01000017;cloudType=Consumer;environment=Prod_EastUS2_000e;migrationStage=NotStarted}
{"logTime": "0815/064157", "correlationVector":"jTIC2WW1a0nahk2NGB2a6u","action":"Poll GetUpdate request", "result":"", "context":cV=jTIC2WW1a0nahk2NGB2a6u}
{"logTime": "0815/064157", "correlationVector":"jTIC2WW1a0nahk2NGB2a6u.1","action":"SyncServerConnectionManagerRequest", "result":"SYNC_SERVER_OK", "context":{"environment":"Prod_EastUS2_000e", "migrationStage":"NotStarted", "server":"GENERAL01000017"}}
{"logTime": "0815/064157", "correlationVector":"jTIC2WW1a0nahk2NGB2a6u.2","action":"GetUpdates Response", "result":"Success", "context":Received 0 update(s). cV=jTIC2WW1a0nahk2NGB2a6u.0;server=GENERAL01000017;cloudType=Consumer;environment=Prod_EastUS2_000e;migrationStage=NotStarted}
{"logTime": "0815/064656", "correlationVector":"TG4IxpIXNaOLEEk7ttWdVY","action":"Normal GetUpdate request", "result":"", "context":cV=TG4IxpIXNaOLEEk7ttWdVY
Refresh requested types: Device Info, User Consents, Send Tab To Self, Encryption Keys}
{"logTime": "0815/064657", "correlationVector":"TG4IxpIXNaOLEEk7ttWdVY.1","action":"SyncServerConnectionManagerRequest", "result":"SYNC_SERVER_OK", "context":{"environment":"Prod_EastUS2_000e", "migrationStage":"NotStarted", "server":"GENERAL01000023"}}
{"logTime": "0815/064657", "correlationVector":"TG4IxpIXNaOLEEk7ttWdVY.2","action":"GetUpdates Response", "result":"Success", "context":Received 0 update(s). cV=TG4IxpIXNaOLEEk7ttWdVY.0;server=GENERAL01000023;cloudType=Consumer;environment=Prod_EastUS2_000e;migrationStage=NotStarted}
{"logTime": "0820/125707", "correlationVector":"h4nhTOVAQetIP4drAuglM3.1","action":"SyncServerConnectionManagerRequest", "result":"SYNC_SERVER_OK", "context":{"environment":"Prod_EastUS2_000e", "migrationStage":"MigrationComplete", "server":"GENERAL01000002"}}
{"logTime": "0820/125707", "correlationVector":"OaKpVulGCqsDsfNYwKxDlh","action":"SyncServerConnectionManagerRequest", "result":"SYNC_SERVER_OK", "context":{"environment":"", "migrationStage":"", "server":""}}
{"logTime": "0820/125707", "correlationVector":"h4nhTOVAQetIP4drAuglM3","action":"Initial GetUpdates", "result":"", "context":Reason: NEW_CLIENT. cV=h4nhTOVAQetIP4drAuglM3}
{"logTime": "0820/125707", "correlationVector":"h4nhTOVAQetIP4drAuglM3.2","action":"GetUpdates Response", "result":"Success", "context":Received 1 update(s). cV=h4nhTOVAQetIP4drAuglM3.0;server=GENERAL01000002;cloudType=Consumer;environment=Prod_EastUS2_000e;migrationStage=MigrationComplete}
{"logTime": "0820/125721", "correlationVector":"Oh3OjJu0S59OX8D5zASblZ","action":"Initial GetUpdates", "result":"", "context":Reason: RECONFIGURATION. cV=Oh3OjJu0S59OX8D5zASblZ}
{"logTime": "0820/125721", "correlationVector":"Oh3OjJu0S59OX8D5zASblZ.1","action":"SyncServerConnectionManagerRequest", "result":"SYNC_SERVER_OK", "context":{"environment":"Prod_EastUS2_000e", "migrationStage":"MigrationComplete", "server":"GENERAL0100001X"}}
{"logTime": "0820/125721", "correlationVector":"Oh3OjJu0S59OX8D5zASblZ.2","action":"GetUpdates", "result":"DeleteReceived", "context":{"id":"262601af-698a-4089-8ee2-75f0c97d2c9c", "isDeleted:":"true", "version":"1699018711021"}}
{"logTime": "0820/125721", "correlationVector":"Oh3OjJu0S59OX8D5zASblZ.3","action":"GetUpdates Response", "result":"Success", "context":Received 42 update(s). cV=Oh3OjJu0S59OX8D5zASblZ.0;server=GENERAL0100001X;cloudType=Consumer;environment=Prod_EastUS2_000e;migrationStage=MigrationComplete}
{"logTime": "0820/125721", "correlationVector":"IfXahT3txt2kavbePLeihe","action":"Initial GetUpdates", "result":"", "context":Reason: RECONFIGURATION. cV=IfXahT3txt2kavbePLeihe}
{"logTime": "0820/125721", "correlationVector":"IfXahT3txt2kavbePLeihe.1","action":"SyncServerConnectionManagerRequest", "result":"SYNC_SERVER_OK", "context":{"environment":"Prod_EastUS2_000e", "migrationStage":"NotStarted", "server":"GENERAL0100000D"}}
{"logTime": "0820/125721", "correlationVector":"IfXahT3txt2kavbePLeihe.2","action":"GetUpdates", "result":"DeleteReceived", "context":{"id":"c6a151d3-001c-46dd-b165-bd609b908f4f", "isDeleted:":"true", "version":"1699018710134"}}
{"logTime": "0820/125721", "correlationVector":"IfXahT3txt2kavbePLeihe.3","action":"GetUpdates Response", "result":"Success", "context":Received 8 update(s). cV=IfXahT3txt2kavbePLeihe.0;server=GENERAL0100000D;cloudType=Consumer;environment=Prod_EastUS2_000e;migrationStage=NotStarted}
{"logTime": "0820/125721", "correlationVector":"hgQpWTeCG+Ou8C+5OBzwJC","action":"Initial GetUpdates", "result":"", "context":Reason: RECONFIGURATION. cV=hgQpWTeCG+Ou8C+5OBzwJC}
{"logTime": "0820/125722", "correlationVector":"hgQpWTeCG+Ou8C+5OBzwJC.1","action":"SyncServerConnectionManagerRequest", "result":"SYNC_SERVER_OK", "context":{"environment":"Prod_EastUS2_000e", "migrationStage":"MigrationComplete", "server":"GENERAL0100002R"}}
{"logTime": "0820/125722", "correlationVector":"hgQpWTeCG+Ou8C+5OBzwJC.2","action":"GetUpdates", "result":"DeleteReceived", "context":{"id":"48f8651c-4f01-46b0-bbdf-4fa64cd0061e", "isDeleted:":"true", "version":"1697829250316"}}
{"logTime": "0820/125722", "correlationVector":"hgQpWTeCG+Ou8C+5OBzwJC.3","action":"GetUpdates", "result":"DeleteReceived", "context":{"id":"24167ce5-b8fd-4421-8c17-b2cbe788feaa", "isDeleted:":"true", "version":"1697829250317"}}
{"logTime": "0820/125722", "correlationVector":"hgQpWTeCG+Ou8C+5OBzwJC.4","action":"GetUpdates", "result":"DeleteReceived", "context":{"id":"070f1417-2e56-5cba-93de-149b591cc0cc", "isDeleted:":"true", "version":"1684827681071"}}
{"logTime": "0820/125722", "correlationVector":"hgQpWTeCG+Ou8C+5OBzwJC.5","action":"GetUpdates", "result":"DeleteReceived", "context":{"id":"4009aaf5-bfe4-4be8-a275-e183f7e4e2fb", "isDeleted:":"true", "version":"1699018702246"}}
{"logTime": "0820/125722", "correlationVector":"hgQpWTeCG+Ou8C+5OBzwJC.6","action":"GetUpdates", "result":"DeleteReceived", "context":{"id":"9fe6e8ed-248b-40ab-8657-640ba3f9055d", "isDeleted:":"true", "version":"1699018702246"}}
{"logTime": "0820/125722", "correlationVector":"hgQpWTeCG+Ou8C+5OBzwJC.7","action":"GetUpdates", "result":"DeleteReceived", "context":{"id":"737a6a54-2b5f-4b74-a4b9-30c50e56127f", "isDeleted:":"true", "version":"1699018702246"}}
{"logTime": "0820/125722", "correlationVector":"hgQpWTeCG+Ou8C+5OBzwJC.8","action":"GetUpdates", "result":"DeleteReceived", "context":{"id":"298b2c20-e9bc-4a8c-bd4d-6575dfe3b4e2", "isDeleted:":"true", "version":"1699018702246"}}
{"logTime": "0820/125722", "correlationVector":"hgQpWTeCG+Ou8C+5OBzwJC.9","action":"GetUpdates", "result":"DeleteReceived", "context":{"id":"dedfc9ab-a915-4e91-a5ca-e8f212702e51", "isDeleted:":"true", "version":"1699018707678"}}
{"logTime": "0820/125722", "correlationVector":"hgQpWTeCG+Ou8C+5OBzwJC.10","action":"GetUpdates", "result":"DeleteReceived", "context":{"id":"540a26a6-48cc-42dc-a4b3-216f9357ed57", "isDeleted:":"true", "version":"1699018708410"}}
{"logTime": "0820/125722", "correlationVector":"hgQpWTeCG+Ou8C+5OBzwJC.11","action":"GetUpdates", "result":"DeleteReceived", "context":{"id":"8cdd224d-6b4c-4994-8156-d6d95b0c39a2", "isDeleted:":"true", "version":"1699018708410"}}
{"logTime": "0820/125722", "correlationVector":"hgQpWTeCG+Ou8C+5OBzwJC.12","action":"GetUpdates", "result":"DeleteReceived", "context":{"id":"4cdd5a5d-7447-4dc1-8795-a8e40fa9a264", "isDeleted:":"true", "version":"1699018708410"}}
{"logTime": "0820/125722", "correlationVector":"hgQpWTeCG+Ou8C+5OBzwJC.13","action":"GetUpdates", "result":"DeleteReceived", "context":{"id":"c1146097-ea12-46aa-8441-3326fdfef678", "isDeleted:":"true", "version":"1699018708410"}}
{"logTime": "0820/125722", "correlationVector":"hgQpWTeCG+Ou8C+5OBzwJC.14","action":"GetUpdates", "result":"DeleteReceived", "context":{"id":"ffbc224d-0e1e-4289-9a79-4279b6bd7be1", "isDeleted:":"true", "version":"1699018709415"}}
{"logTime": "0820/125722", "correlationVector":"hgQpWTeCG+Ou8C+5OBzwJC.15","action":"GetUpdates", "result":"DeleteReceived", "context":{"id":"a0b7e485-a7a5-4980-bb21-552414d6cf7a", "isDeleted:":"true", "version":"1699018709415"}}
{"logTime": "0820/125722", "correlationVector":"hgQpWTeCG+Ou8C+5OBzwJC.16","action":"GetUpdates", "result":"DeleteReceived", "context":{"id":"cf9e8105-7f52-49fa-8b8c-0696b4d33fb9", "isDeleted:":"true", "version":"1699018709415"}}
{"logTime": "0820/125722", "correlationVector":"hgQpWTeCG+Ou8C+5OBzwJC.17","action":"GetUpdates", "result":"DeleteReceived", "context":{"id":"e0a78130-73e1-43fd-b464-cdcdf2024ad0", "isDeleted:":"true", "version":"1699018709415"}}
{"logTime": "0820/125722", "correlationVector":"hgQpWTeCG+Ou8C+5OBzwJC.18","action":"GetUpdates", "result":"DeleteReceived", "context":{"id":"39359507-5ffe-4c12-a471-d7f8e681561c", "isDeleted:":"true", "version":"1699018710134"}}
{"logTime": "0820/125722", "correlationVector":"hgQpWTeCG+Ou8C+5OBzwJC.19","action":"GetUpdates", "result":"DeleteReceived", "context":{"id":"4aca8503-33bb-4b69-ba5a-abaecbddda77", "isDeleted:":"true", "version":"1699018710134"}}
{"logTime": "0820/125722", "correlationVector":"hgQpWTeCG+Ou8C+5OBzwJC.20","action":"GetUpdates", "result":"DeleteReceived", "context":{"id":"b04d69d7-8a0f-4e19-8303-1a01b666e65d", "isDeleted:":"true", "version":"1699018710134"}}
{"logTime": "0820/125722", "correlationVector":"hgQpWTeCG+Ou8C+5OBzwJC.21","action":"GetUpdates", "result":"DeleteReceived", "context":{"id":"ab3adc16-4fca-4d1e-b5e3-c02c2f8f2103", "isDeleted:":"true", "version":"1699018710134"}}
{"logTime": "0820/125722", "correlationVector":"hgQpWTeCG+Ou8C+5OBzwJC.22","action":"GetUpdates", "result":"DeleteReceived", "context":{"id":"8194c679-14a2-4a6f-8b56-f779c0946fda", "isDeleted:":"true", "version":"1699018710134"}}
{"logTime": "0820/125722", "correlationVector":"hgQpWTeCG+Ou8C+5OBzwJC.23","action":"GetUpdates", "result":"DeleteReceived", "context":{"id":"da48fc3a-b491-4a75-b81a-0ca9902e92d7", "isDeleted:":"true", "version":"1699018710134"}}
{"logTime": "0820/125722", "correlationVector":"hgQpWTeCG+Ou8C+5OBzwJC.24","action":"GetUpdates", "result":"DeleteReceived", "context":{"id":"19bc3b3f-1973-4622-aa3e-f2d7bf802f16", "isDeleted:":"true", "version":"1699018710134"}}
{"logTime": "0820/125722", "correlationVector":"hgQpWTeCG+Ou8C+5OBzwJC.25","action":"GetUpdates", "result":"DeleteReceived", "context":{"id":"ee80a8eb-0cc0-4f0b-97b7-9a3337f2ded9", "isDeleted:":"true", "version":"1699018711021"}}
{"logTime": "0820/125722", "correlationVector":"hgQpWTeCG+Ou8C+5OBzwJC.26","action":"GetUpdates", "result":"DeleteReceived", "context":{"id":"8ded54ad-a3b3-4d3e-8555-f912e913cc70", "isDeleted:":"true", "version":"1699018711021"}}
{"logTime": "0820/125722", "correlationVector":"hgQpWTeCG+Ou8C+5OBzwJC.27","action":"GetUpdates", "result":"DeleteReceived", "context":{"id":"7fb3b495-d195-4d1b-85df-20dea34960a8", "isDeleted:":"true", "version":"1699018711021"}}
{"logTime": "0820/125722", "correlationVector":"hgQpWTeCG+Ou8C+5OBzwJC.28","action":"GetUpdates", "result":"DeleteReceived", "context":{"id":"b4ce8b88-f77e-4abe-ac96-ad58862b7290", "isDeleted:":"true", "version":"1699018711021"}}
{"logTime": "0820/125722", "correlationVector":"hgQpWTeCG+Ou8C+5OBzwJC.29","action":"GetUpdates", "result":"DeleteReceived", "context":{"id":"d94e1e32-57f9-43ae-ad0a-893a17bb64f0", "isDeleted:":"true", "version":"1699018711021"}}
{"logTime": "0820/125722", "correlationVector":"hgQpWTeCG+Ou8C+5OBzwJC.30","action":"GetUpdates", "result":"DeleteReceived", "context":{"id":"fcbff142-3293-428b-b746-83ddab75de3e", "isDeleted:":"true", "version":"1699018711021"}}
{"logTime": "0820/125722", "correlationVector":"hgQpWTeCG+Ou8C+5OBzwJC.31","action":"GetUpdates", "result":"DeleteReceived", "context":{"id":"63de3831-55a1-41dd-bfb5-5d0b140101dd", "isDeleted:":"true", "version":"1699018711021"}}
{"logTime": "0820/125722", "correlationVector":"hgQpWTeCG+Ou8C+5OBzwJC.32","action":"GetUpdates", "result":"DeleteReceived", "context":{"id":"99aa8f4c-ba07-4198-af9c-98d6a4a20396", "isDeleted:":"true", "version":"1699018711021"}}
{"logTime": "0820/125722", "correlationVector":"hgQpWTeCG+Ou8C+5OBzwJC.33","action":"GetUpdates", "result":"DeleteReceived", "context":{"id":"19e0a5f2-cac1-43be-92e7-8543aa030420", "isDeleted:":"true", "version":"1699018711941"}}
{"logTime": "0820/125722", "correlationVector":"hgQpWTeCG+Ou8C+5OBzwJC.34","action":"GetUpdates Response", "result":"Success", "context":Received 32 update(s). cV=hgQpWTeCG+Ou8C+5OBzwJC.0;server=GENERAL0100002R;cloudType=Consumer;environment=Prod_EastUS2_000e;migrationStage=MigrationComplete}
{"logTime": "0820/125722", "correlationVector":"BQWaImv7kWLgONDOpIFv9d","action":"Normal GetUpdate request", "result":"", "context":cV=BQWaImv7kWLgONDOpIFv9d
Nudged types: Preferences, Device Info, User Consents
Refresh requested types: Bookmarks, Preferences, Passwords, Autofill Profiles, Autofill, Extensions, Extension settings, Device Info, User Consents, Send Tab To Self, Web Apps, Collection, Edge E Drop, Edge Hub App Usage, Edge Wallet, Encryption Keys}
{"logTime": "0820/125722", "correlationVector":"BQWaImv7kWLgONDOpIFv9d.1","action":"SyncServerConnectionManagerRequest", "result":"SYNC_SERVER_OK", "context":{"environment":"Prod_EastUS2_000e", "migrationStage":"MigrationComplete", "server":"GENERAL0100001A"}}
{"logTime": "0820/125722", "correlationVector":"BQWaImv7kWLgONDOpIFv9d.2","action":"GetUpdates Response", "result":"Success", "context":Received 0 update(s). cV=BQWaImv7kWLgONDOpIFv9d.0;server=GENERAL0100001A;cloudType=Consumer;environment=Prod_EastUS2_000e;migrationStage=MigrationComplete}
{"logTime": "0820/125722", "correlationVector":"Ex4upCrajL6+rNbfWreCDz","action":"Commit Request", "result":"", "context":Item count: 4
Contributing types: Preferences, Device Info, User Consents}
{"logTime": "0820/125722", "correlationVector":"Ex4upCrajL6+rNbfWreCDz.1","action":"SyncServerConnectionManagerRequest", "result":"SYNC_SERVER_OK", "context":{"environment":"Prod_EastUS2_000e", "migrationStage":"MigrationComplete", "server":"general01000004"}}
{"logTime": "0820/125722", "correlationVector":"Ex4upCrajL6+rNbfWreCDz.2","action":"Commit Response", "result":"Success", "context":Result: Success. cV=Ex4upCrajL6+rNbfWreCDz.0;server=general01000004;cloudType=Consumer;environment=Prod_EastUS2_000e;migrationStage=MigrationComplete}
{"logTime": "0820/125722", "correlationVector":"8BMLSmMjTTQixAYKgvOq6e","action":"Normal GetUpdate request", "result":"", "context":cV=8BMLSmMjTTQixAYKgvOq6e
Nudged types: Preferences, Device Info}
{"logTime": "0820/125723", "correlationVector":"8BMLSmMjTTQixAYKgvOq6e.1","action":"SyncServerConnectionManagerRequest", "result":"SYNC_SERVER_OK", "context":{"environment":"Prod_EastUS2_000e", "migrationStage":"MigrationComplete", "server":"GENERAL0100002K"}}
{"logTime": "0820/125723", "correlationVector":"8BMLSmMjTTQixAYKgvOq6e.2","action":"GetUpdates Response", "result":"Success", "context":Received 3 update(s). cV=8BMLSmMjTTQixAYKgvOq6e.0;server=GENERAL0100002K;cloudType=Consumer;environment=Prod_EastUS2_000e;migrationStage=MigrationComplete}
{"logTime": "0820/125723", "correlationVector":"Fwl1SSHAGZo7OwQyKEH+LH","action":"DoCompareDataConsistency requsted types: ", "result":"Bookmarks, Preferences, Passwords, Extensions, Extension settings, Send Tab To Self, Web Apps, Collection, Edge E Drop, Edge Wallet, Encryption Keys"}
{"logTime": "0820/125723", "correlationVector":"Fwl1SSHAGZo7OwQyKEH+LH.0","action":"CompareDataConsistency result: ", "result":"Compare result: Encryption Keys is consistent. local entities count is: 1 local entities hash is: nkRSknUX0Jb8kPJgKZ2fLfyS1gk="}
{"logTime": "0820/125723", "correlationVector":"Fwl1SSHAGZo7OwQyKEH+LH.1","action":"CompareDataConsistency result: ", "result":"Compare result: Bookmarks is consistent. local entities count is: 5 local entities hash is: PH5KKV6+48iOHNGZpXcLebSEDSo="}
{"logTime": "0820/125723", "correlationVector":"Fwl1SSHAGZo7OwQyKEH+LH.2","action":"CompareDataConsistency result: ", "result":"Compare result: Preferences is consistent. local entities count is: 35 local entities hash is: IZUSTbznovA0n9i1RLerHwhZRXM="}
{"logTime": "0820/125723", "correlationVector":"Fwl1SSHAGZo7OwQyKEH+LH.3","action":"CompareDataConsistency result: ", "result":"Compare result: Passwords is consistent. local entities count is: 0 local entities hash is: "}
{"logTime": "0820/125723", "correlationVector":"Fwl1SSHAGZo7OwQyKEH+LH.4","action":"CompareDataConsistency result: ", "result":"Compare result: Extensions is consistent. local entities count is: 0 local entities hash is: "}
{"logTime": "0820/125723", "correlationVector":"Fwl1SSHAGZo7OwQyKEH+LH.5","action":"CompareDataConsistency result: ", "result":"Compare result: Extension settings is consistent. local entities count is: 0 local entities hash is: "}
{"logTime": "0820/125723", "correlationVector":"Fwl1SSHAGZo7OwQyKEH+LH.6","action":"CompareDataConsistency result: ", "result":"Server did not send this Send Tab To Self local entities count is: 0 local entities hash is: "}
{"logTime": "0820/125723", "correlationVector":"Fwl1SSHAGZo7OwQyKEH+LH.7","action":"CompareDataConsistency result: ", "result":"Compare result: Web Apps is consistent. local entities count is: 0 local entities hash is: "}
{"logTime": "0820/125723", "correlationVector":"Fwl1SSHAGZo7OwQyKEH+LH.8","action":"CompareDataConsistency result: ", "result":"Compare result: Collection is consistent. local entities count is: 0 local entities hash is: "}
{"logTime": "0820/125723", "correlationVector":"Fwl1SSHAGZo7OwQyKEH+LH.9","action":"CompareDataConsistency result: ", "result":"Compare result: Edge E Drop is consistent. local entities count is: 0 local entities hash is: "}
{"logTime": "0820/125723", "correlationVector":"Fwl1SSHAGZo7OwQyKEH+LH.10","action":"CompareDataConsistency result: ", "result":"Compare result: Edge Wallet is consistent. local entities count is: 0 local entities hash is: "}
{"logTime": "0820/125723", "correlationVector":"gQLbmDC/lfrqWcyzxFc26m","action":"Poll GetUpdate request", "result":"", "context":cV=gQLbmDC/lfrqWcyzxFc26m}
{"logTime": "0820/125723", "correlationVector":"gQLbmDC/lfrqWcyzxFc26m.1","action":"SyncServerConnectionManagerRequest", "result":"SYNC_SERVER_OK", "context":{"environment":"Prod_EastUS2_000e", "migrationStage":"MigrationComplete", "server":"GENERAL0100001S"}}
{"logTime": "0820/125723", "correlationVector":"gQLbmDC/lfrqWcyzxFc26m.2","action":"GetUpdates Response", "result":"Success", "context":Received 0 update(s). cV=gQLbmDC/lfrqWcyzxFc26m.0;server=GENERAL0100001S;cloudType=Consumer;environment=Prod_EastUS2_000e;migrationStage=MigrationComplete}
{"logTime": "0820/125723", "correlationVector":"","action":"DIAGNOSTIC_REQUEST|v1/diagnosticData/Diagnostic.SendCheckResult()|SUCCESS", "result":""}
